<?xml version="1.0" encoding="UTF-8"?>
<!-- Generated by org.testng.reporters.JUnitReportReporter -->
<testsuite hostname="DESKTOP-SI3R7V8" failures="0" tests="1" name="Staging.XPO.Allpages" time="11.980" errors="0" timestamp="2023-10-28T14:27:54 IST" skipped="0">
  <testcase classname="Staging.XPO.Allpages" name="login" time="11.980"/>
</testsuite> <!-- Staging.XPO.Allpages -->
